<?xml version="1.0" encoding="UTF-8" ?>
<testsuite tests="9" failures="0" name="com.amazonaws.serverless.sqseventsource.MessageDispatcherTest" time="0.161" errors="0" skipped="0">
  <properties>
[...]
</properties>
  <testcase classname="com.amazonaws.serverless.sqseventsource.MessageDispatcherTest" name="dispatch_retryResults_defaultRetryDelay" time="0.136"/>
  <testcase classname="com.amazonaws.serverless.sqseventsource.MessageDispatcherTest" name="dispatch_successResults" time="0.003"/>
  <testcase classname="com.amazonaws.serverless.sqseventsource.MessageDispatcherTest" name="dispatch_retryResults_customRetryDelay" time="0.001"/>
  <testcase classname="com.amazonaws.serverless.sqseventsource.MessageDispatcherTest" name="dispatch_mixedResults" time="0.003"/>
  <testcase classname="com.amazonaws.serverless.sqseventsource.MessageDispatcherTest" name="getEstimatedCapacity_noMessagesProcessed" time="0.004"/>
  <testcase classname="com.amazonaws.serverless.sqseventsource.MessageDispatcherTest" name="reset" time="0.004"/>
  <testcase classname="com.amazonaws.serverless.sqseventsource.MessageDispatcherTest" name="dispatch_messageProcessorException" time="0.007"/>
  <testcase classname="com.amazonaws.serverless.sqseventsource.MessageDispatcherTest" name="dispatch_errorResults" time="0.001"/>
  <testcase classname="com.amazonaws.serverless.sqseventsource.MessageDispatcherTest" name="getEstimatedCapacity_messagesProcessed" time="0.002"/>
</testsuite>